iMPACT Version: 14.7

iMPACT log file Started on Fri Apr 03 11:43:51 2015

Welcome to iMPACT
iMPACT Version: 14.7
Project: C:\cygwin64\home\volundr\sat_erp\firmware\blink\blink/\auto_project.ipfcreated.
// *** BATCH CMD : setMode -bs
GUI --- Auto connect to cable...
// *** BATCH CMD : setCable -port auto
INFO:iMPACT - Digilent Plugin: Plugin Version: 2.4.4
INFO:iMPACT - Digilent Plugin: no JTAG device was found.
AutoDetecting cable. Please wait.
*** WARNING ***: When port is set to auto detect mode, cable speed is set todefault 6 MHz regardless of explicit arguments supplied for setting the baudrates
PROGRESS_START - Starting Operation.
Connecting to cable (Usb Port - USB21).
Checking cable driver.
 Driver file xusb_emb.sys found.
 Driver version: src=1029, dest=1029.
 Driver windrvr6.sys version = 10.2.1.0. WinDriver v10.21 Jungo (c) 1997 - 2010 Build Date: Aug 31 2010 x86_64 64bit SYS14:14:44, version = 1021.
 Cable PID = 0008.
 Max current requested during enumeration is 74 mA.
Type = 0x0004.
 Cable Type = 3, Revision = 0.
 Setting cable speed to 6 MHz.
Cable connection established.
Firmware version = 1029.
File version of C:/Xilinx_ISE/14.7/ISE_DS/ISE/data/xusb_xlp.hex = 1303.
Firmware hex file version = 1303.
Downloading C:/Xilinx_ISE/14.7/ISE_DS/ISE/data/xusb_xlp.hex.
Downloaded firmware version = 1303.
PLD file version = 0012h.
 PLD version = 0012h.
PROGRESS_END - End Operation.
Elapsed time =      0 sec.
Type = 0x0004.
 ESN device is not available for this cable.
Attempting to identify devices in the boundary-scan chain configuration...
INFO:iMPACT - Current time: 4/3/2015 11:43:55 AM
// *** BATCH CMD : Identify -inferir 
PROGRESS_START - Starting Operation.
Identifying chain contents...'0': : Manufacturer's ID = Xilinx xc5vlx110t, Version : 10
INFO:iMPACT:1777 - 
   Reading C:/Xilinx_ISE/14.7/ISE_DS/ISE/virtex5/data/xc5vlx110t.bsd...
INFO:iMPACT:501 - '1': Added Device xc5vlx110t successfully.
----------------------------------------------------------------------
'1': : Manufacturer's ID = Xilinx xccace, Version : 0
INFO:iMPACT:1777 - 
   Reading C:/Xilinx_ISE/14.7/ISE_DS/ISE/acecf/data/xccace.bsd...
INFO:iMPACT:501 - '1': Added Device xccace successfully.
----------------------------------------------------------------------
'2': : Manufacturer's ID = Xilinx xc95144xl, Version : 5
INFO:iMPACT:1777 - 
   Reading C:/Xilinx_ISE/14.7/ISE_DS/ISE/xc9500xl/data/xc95144xl.bsd...
INFO:iMPACT:501 - '1': Added Device xc95144xl successfully.
----------------------------------------------------------------------
'3': : Manufacturer's ID = Xilinx xcf32p, Version : 13
INFO:iMPACT:1777 - 
   Reading C:/Xilinx_ISE/14.7/ISE_DS/ISE/xcfp/data/xcf32p.bsd...
INFO:iMPACT:501 - '1': Added Device xcf32p successfully.
----------------------------------------------------------------------
'4': : Manufacturer's ID = Xilinx xcf32p, Version : 13
INFO:iMPACT:501 - '1': Added Device xcf32p successfully.
----------------------------------------------------------------------
done.
PROGRESS_END - End Operation.
Elapsed time =      1 sec.
// *** BATCH CMD : identifyMPM 
// *** BATCH CMD : assignFile -p 5 -file"C:/cygwin64/home/volundr/sat_erp/firmware/xupv5-lx110t-serial_comm/loopback_top.bit"
'5': Loading file'C:/cygwin64/home/volundr/sat_erp/firmware/xupv5-lx110t-serial_comm/loopback_top.bit' ...
done.
INFO:iMPACT:2257 - Startup Clock has been changed to 'JtagClk' in the bitstream   stored in memory,
   but the original bitstream file remains unchanged.
UserID read from the bitstream file = 0xFFFFFFFF.
----------------------------------------------------------------------
INFO:iMPACT:501 - '5': Added Device xc5vlx110t successfully.
----------------------------------------------------------------------
INFO:iMPACT - Current time: 4/3/2015 11:44:28 AM
// *** BATCH CMD : Program -p 5 
PROGRESS_START - Starting Operation.
Maximum TCK operating frequency for this device chain: 10000000.
Validating chain...
Boundary-scan chain validated successfully.
5: Device Temperature: Current Reading:   41.52 C, Min. Reading:   24.78 C, Max.Reading:   42.01 C
5: VCCINT Supply: Current Reading:   0.999 V, Min. Reading:   0.996 V, Max.Reading:   0.999 V
5: VCCAUX Supply: Current Reading:   2.487 V, Min. Reading:   2.481 V, Max.Reading:   2.487 V
'5': Programming device...
 Match_cycle = NoWait.
Match cycle: NoWait
 LCK_cycle = NoWait.
LCK cycle: NoWait
done.
INFO:iMPACT:2219 - Status register values:
INFO:iMPACT - 0011 1111 1011 1110 0000 1011 1000 0000 
INFO:iMPACT:579 - '5': Completed downloading bit file to device.
INFO:iMPACT:188 - '5': Programming completed successfully.
 Match_cycle = NoWait.
Match cycle: NoWait
 LCK_cycle = NoWait.
LCK cycle: NoWait
INFO:iMPACT - '5': Checking done pin....done.
'5': Programmed successfully.
PROGRESS_END - End Operation.
Elapsed time =      9 sec.
INFO:iMPACT - Current time: 4/3/2015 12:34:50 PM
Updating config fileC:/cygwin64/home/volundr/sat_erp/firmware/xupv5-lx110t-serial_comm/loopback_top.bit...
INFO:iMPACT:2257 - Startup Clock has been changed to 'JtagClk' in the bitstream   stored in memory,
   but the original bitstream file remains unchanged.
// *** BATCH CMD : Program -p 5 
Maximum TCK operating frequency for this device chain: 10000000.
Validating chain...
Boundary-scan chain validated successfully.
5: Device Temperature: Current Reading:   40.04 C, Min. Reading:   39.05 C, Max.Reading:   41.52 C
5: VCCINT Supply: Current Reading:   0.999 V, Min. Reading:   0.996 V, Max.Reading:   0.999 V
5: VCCAUX Supply: Current Reading:   2.487 V, Min. Reading:   2.481 V, Max.Reading:   2.487 V
PROGRESS_START - Starting Operation.
'5': Programming device...
 Match_cycle = NoWait.
Match cycle: NoWait
 LCK_cycle = NoWait.
LCK cycle: NoWait
done.
INFO:iMPACT:2219 - Status register values:
INFO:iMPACT - 0011 1111 1011 1110 0000 1011 1000 0000 
INFO:iMPACT:579 - '5': Completed downloading bit file to device.
INFO:iMPACT:188 - '5': Programming completed successfully.
 Match_cycle = NoWait.
Match cycle: NoWait
 LCK_cycle = NoWait.
LCK cycle: NoWait
INFO:iMPACT - '5': Checking done pin....done.
'5': Programmed successfully.
PROGRESS_END - End Operation.
Elapsed time =      9 sec.
Project:'C:\cygwin64\home\volundr\sat_erp\firmware\blink\blink/\auto_project.ipf'created.
// *** BATCH CMD : setMode -bs
// *** BATCH CMD : setMode -ss
// *** BATCH CMD : setMode -sm
// *** BATCH CMD : setMode -hw140
// *** BATCH CMD : setMode -spi
// *** BATCH CMD : setMode -acecf
// *** BATCH CMD : setMode -acempm
// *** BATCH CMD : setMode -pff
// *** BATCH CMD : setMode -bs
// *** BATCH CMD : saveProjectFile -file"C:\cygwin64\home\volundr\sat_erp\firmware\blink\blink/\auto_project.ipf"
// *** BATCH CMD : setMode -bs
INFO:iMPACT - Launching WebTalk, please refer to the webtalk log at   C:\cygwin64\home\volundr\sat_erp\firmware\blink\blink\webtalk.log for   details.
INFO:iMPACT - Running wbtc successfully.
// *** BATCH CMD : setMode -bs
// *** BATCH CMD : deleteDevice -position 1
----------------------------------------------------------------------
// *** BATCH CMD : deleteDevice -position 1
----------------------------------------------------------------------
// *** BATCH CMD : deleteDevice -position 1
----------------------------------------------------------------------
// *** BATCH CMD : deleteDevice -position 1
----------------------------------------------------------------------
// *** BATCH CMD : deleteDevice -position 1
// *** BATCH CMD : setMode -bs
// *** BATCH CMD : setMode -ss
// *** BATCH CMD : setMode -sm
// *** BATCH CMD : setMode -hw140
// *** BATCH CMD : setMode -spi
// *** BATCH CMD : setMode -acecf
// *** BATCH CMD : setMode -acempm
// *** BATCH CMD : setMode -pff
