Running: fuse.exe -relaunch -intstyle "ise" -incremental -lib "unisims_ver" -lib "unimacro_ver" -lib "xilinxcorelib_ver" -lib "secureip" -o "C:/cygwin64/home/volundr/sat_erp/firmware/xupv5-lx110t-serial_comm/loopback_top_tb_isim_beh.exe" -prj "C:/cygwin64/home/volundr/sat_erp/firmware/xupv5-lx110t-serial_comm/loopback_top_tb_beh.prj" "work.loopback_top_tb" "work.glbl" 
ISim P.20131013 (signature 0x7708f090)
Number of CPUs detected in this system: 8
Turning on mult-threading, number of parallel sub-compilation jobs: 16 
Determining compilation order of HDL files
Analyzing Verilog file "C:/cygwin64/home/volundr/sat_erp/firmware/xupv5-lx110t-serial_comm/sync.v" into library work
Analyzing Verilog file "C:/cygwin64/home/volundr/sat_erp/firmware/xupv5-lx110t-serial_comm/posedge_detector.v" into library work
Analyzing Verilog file "C:/cygwin64/home/volundr/sat_erp/firmware/xupv5-lx110t-serial_comm/rs232_ser.v" into library work
Analyzing Verilog file "C:/cygwin64/home/volundr/sat_erp/firmware/xupv5-lx110t-serial_comm/rs232_des.v" into library work
Analyzing Verilog file "C:/cygwin64/home/volundr/sat_erp/firmware/xupv5-lx110t-serial_comm/loopback_top.v" into library work
Analyzing Verilog file "C:/cygwin64/home/volundr/sat_erp/firmware/xupv5-lx110t-serial_comm/loopback_top_tb.v" into library work
Analyzing Verilog file "C:/Xilinx_ISE/14.7/ISE_DS/ISE//verilog/src/glbl.v" into library work
Starting static elaboration
WARNING:HDLCompiler:1330 - "fncs.h" Line 2: Function clogb2 has no return value assignment
Completed static elaboration
Compiling module sync_default
Compiling module posedge_detector
Compiling module rs232_des_default
Compiling module rs232_ser_default
Compiling module loopback_top
Compiling module loopback_top_tb
Compiling module glbl
Time Resolution for simulation is 1ps.
Waiting for 1 sub-compilation(s) to finish...
Compiled 7 Verilog Units
Built simulation executable C:/cygwin64/home/volundr/sat_erp/firmware/xupv5-lx110t-serial_comm/loopback_top_tb_isim_beh.exe
Fuse Memory Usage: 28892 KB
Fuse CPU Usage: 405 ms
